g:\my work\compiler\compiler\x64\debug\vc142.pdb
g:\my work\compiler\compiler\x64\debug\vc142.idb
g:\my work\compiler\compiler\x64\debug\main.obj
g:\my work\compiler\compiler\x64\debug\lexer.obj
g:\my work\compiler\compiler\x64\debug\compiler.pch
g:\my work\compiler\compiler\x64\debug\pch.obj
g:\my work\compiler\compiler\x64\debug\parser.obj
g:\my work\compiler\x64\debug\compiler.pdb
g:\my work\compiler\compiler\x64\debug\compiler.tlog\cl.command.1.tlog
g:\my work\compiler\compiler\x64\debug\compiler.tlog\cl.read.1.tlog
g:\my work\compiler\compiler\x64\debug\compiler.tlog\cl.write.1.tlog
g:\my work\compiler\compiler\x64\debug\compiler.tlog\link-cvtres.read.1.tlog
g:\my work\compiler\compiler\x64\debug\compiler.tlog\link-cvtres.write.1.tlog
g:\my work\compiler\compiler\x64\debug\compiler.tlog\link-rc.read.1.tlog
g:\my work\compiler\compiler\x64\debug\compiler.tlog\link-rc.write.1.tlog
g:\my work\compiler\compiler\x64\debug\compiler.tlog\link.10264-cvtres.read.1.tlog
g:\my work\compiler\compiler\x64\debug\compiler.tlog\link.10264-cvtres.write.1.tlog
g:\my work\compiler\compiler\x64\debug\compiler.tlog\link.10264-rc.read.1.tlog
g:\my work\compiler\compiler\x64\debug\compiler.tlog\link.10264-rc.write.1.tlog
g:\my work\compiler\compiler\x64\debug\compiler.tlog\link.10264.read.1.tlog
g:\my work\compiler\compiler\x64\debug\compiler.tlog\link.10264.read.2.tlog
g:\my work\compiler\compiler\x64\debug\compiler.tlog\link.10264.write.1.tlog
g:\my work\compiler\compiler\x64\debug\compiler.tlog\link.command.1.tlog
g:\my work\compiler\compiler\x64\debug\compiler.tlog\link.read.1.tlog
g:\my work\compiler\compiler\x64\debug\compiler.tlog\link.read.2.tlog
g:\my work\compiler\compiler\x64\debug\compiler.tlog\link.write.1.tlog
